{
  "stats": {
    "suites": 3,
    "tests": 7,
    "passes": 7,
    "pending": 0,
    "failures": 0,
    "start": "2026-05-03T17:21:37.015Z",
    "end": "2026-05-03T17:21:37.376Z",
    "duration": 361,
    "testsRegistered": 7,
    "passPercent": 100,
    "pendingPercent": 0,
    "other": 0,
    "hasOther": false,
    "skipped": 0,
    "hasSkipped": false
  },
  "results": [
    {
      "uuid": "a936e84c-c061-4680-9641-67ea43a739dd",
      "title": "",
      "fullFile": "",
      "file": "",
      "beforeHooks": [],
      "afterHooks": [],
      "tests": [],
      "suites": [
        {
          "uuid": "82aeccee-19ff-450c-9179-68b3bd01c07a",
          "title": "Appointments API",
          "fullFile": "C:\\Projetos\\MonCare_test\\test\\appointments.test.js",
          "file": "\\test\\appointments.test.js",
          "beforeHooks": [
            {
              "title": "\"before all\" hook in \"Appointments API\"",
              "fullTitle": "Appointments API \"before all\" hook in \"Appointments API\"",
              "timedOut": false,
              "duration": 173,
              "state": null,
              "speed": null,
              "pass": false,
              "fail": false,
              "pending": false,
              "context": null,
              "code": "const email = `paciente${Date.now()}@email.com`;\nawait request(app)\n  .post('/auth/register/patient')\n  .send({\n    name: 'Paciente Teste',\n    email,\n    password: '123456'\n  });\nconst loginResponse = await request(app)\n  .post('/auth/login')\n  .send({\n    email,\n    password: '123456'\n  });\ntoken = loginResponse.body.token;\nif (!token) {\n  throw new Error('Token não foi retornado no login');\n}",
              "err": {},
              "uuid": "4cd5392e-0e2a-45eb-a5ff-ba95e4c48e66",
              "parentUUID": "82aeccee-19ff-450c-9179-68b3bd01c07a",
              "isHook": true,
              "skipped": false
            }
          ],
          "afterHooks": [],
          "tests": [
            {
              "title": "não deve criar atendimento sem endereço cadastrado",
              "fullTitle": "Appointments API não deve criar atendimento sem endereço cadastrado",
              "timedOut": false,
              "duration": 5,
              "state": "passed",
              "speed": "fast",
              "pass": true,
              "fail": false,
              "pending": false,
              "context": null,
              "code": "const response = await request(app)\n  .post('/appointments')\n  .set('Authorization', `Bearer ${token}`)\n  .send({\n    serviceName: 'Aferição de pressão',\n    area: 'Verdun',\n    window: '14:00 to 16:00',\n    symptoms: 'Tontura e dor de cabeça'\n  });\nif (response.status !== 400) {\n  throw new Error(`Esperado 400, veio: ${response.status} - ${JSON.stringify(response.body)}`);\n}\nif (!response.body.message.includes('endereço')) {\n  throw new Error(`Mensagem inesperada: ${JSON.stringify(response.body)}`);\n}",
              "err": {},
              "uuid": "35d5e5b8-1bfd-4e2c-8945-3f49a5f1e496",
              "parentUUID": "82aeccee-19ff-450c-9179-68b3bd01c07a",
              "isHook": false,
              "skipped": false
            },
            {
              "title": "não deve criar atendimento sem token",
              "fullTitle": "Appointments API não deve criar atendimento sem token",
              "timedOut": false,
              "duration": 6,
              "state": "passed",
              "speed": "fast",
              "pass": true,
              "fail": false,
              "pending": false,
              "context": null,
              "code": "const response = await request(app)\n  .post('/appointments')\n  .send({\n    serviceName: 'Aferição de pressão',\n    area: 'Verdun',\n    window: '14:00 to 16:00',\n    symptoms: 'Tontura e dor de cabeça'\n  });\nif (![401, 403].includes(response.status)) {\n  throw new Error(`Esperado 401/403, veio: ${response.status}`);\n}",
              "err": {},
              "uuid": "f0931a69-6c5b-4fa6-a055-154eee74e02c",
              "parentUUID": "82aeccee-19ff-450c-9179-68b3bd01c07a",
              "isHook": false,
              "skipped": false
            },
            {
              "title": "deve retornar 404 ao buscar atendimento inexistente",
              "fullTitle": "Appointments API deve retornar 404 ao buscar atendimento inexistente",
              "timedOut": false,
              "duration": 5,
              "state": "passed",
              "speed": "fast",
              "pass": true,
              "fail": false,
              "pending": false,
              "context": null,
              "code": "const response = await request(app)\n  .get('/appointments/9999')\n  .set('Authorization', `Bearer ${token}`);\nif (response.status !== 404) {\n  throw new Error(`Esperado 404, veio: ${response.status}`);\n}",
              "err": {},
              "uuid": "b0f91ecf-369b-4395-b055-ec14a709eedf",
              "parentUUID": "82aeccee-19ff-450c-9179-68b3bd01c07a",
              "isHook": false,
              "skipped": false
            },
            {
              "title": "deve falhar login com senha incorreta",
              "fullTitle": "Appointments API deve falhar login com senha incorreta",
              "timedOut": false,
              "duration": 4,
              "state": "passed",
              "speed": "fast",
              "pass": true,
              "fail": false,
              "pending": false,
              "context": null,
              "code": "const response = await request(app)\n  .post('/auth/login')\n  .send({\n    email: 'teste@email.com',\n    password: 'senhaerrada'\n  });\nif (![400, 401].includes(response.status)) {\n  throw new Error(`Esperado erro de login, veio: ${response.status}`);\n  }",
              "err": {},
              "uuid": "e78d618c-174f-427c-bbcd-0f0fdec700a4",
              "parentUUID": "82aeccee-19ff-450c-9179-68b3bd01c07a",
              "isHook": false,
              "skipped": false
            }
          ],
          "suites": [],
          "passes": [
            "35d5e5b8-1bfd-4e2c-8945-3f49a5f1e496",
            "f0931a69-6c5b-4fa6-a055-154eee74e02c",
            "b0f91ecf-369b-4395-b055-ec14a709eedf",
            "e78d618c-174f-427c-bbcd-0f0fdec700a4"
          ],
          "failures": [],
          "pending": [],
          "skipped": [],
          "duration": 20,
          "root": false,
          "rootEmpty": false,
          "_timeout": 2000
        },
        {
          "uuid": "84eb35f5-4fe8-42a8-9a44-592178d7ac70",
          "title": "Auth API",
          "fullFile": "C:\\Projetos\\MonCare_test\\test\\auth.test.js",
          "file": "\\test\\auth.test.js",
          "beforeHooks": [],
          "afterHooks": [],
          "tests": [
            {
              "title": "deve cadastrar um paciente com sucesso",
              "fullTitle": "Auth API deve cadastrar um paciente com sucesso",
              "timedOut": false,
              "duration": 78,
              "state": "passed",
              "speed": "slow",
              "pass": true,
              "fail": false,
              "pending": false,
              "context": null,
              "code": "const response = await request(app)\n  .post('/auth/register/patient')\n  .send({\n    name: 'Teste QA',\n    email: `teste${Date.now()}@email.com`,\n    password: '123456'\n  });\nif (![200, 201].includes(response.status)) {\n  throw new Error(`Erro inesperado: ${response.status}`);\n}",
              "err": {},
              "uuid": "3cfee3b3-cce7-40a7-a3cf-1f4097b64152",
              "parentUUID": "84eb35f5-4fe8-42a8-9a44-592178d7ac70",
              "isHook": false,
              "skipped": false
            }
          ],
          "suites": [],
          "passes": [
            "3cfee3b3-cce7-40a7-a3cf-1f4097b64152"
          ],
          "failures": [],
          "pending": [],
          "skipped": [],
          "duration": 78,
          "root": false,
          "rootEmpty": false,
          "_timeout": 2000
        },
        {
          "uuid": "7ad12812-7ba0-44a1-a997-914524a24f9c",
          "title": "Professionals API",
          "fullFile": "C:\\Projetos\\MonCare_test\\test\\professionals.test.js",
          "file": "\\test\\professionals.test.js",
          "beforeHooks": [],
          "afterHooks": [],
          "tests": [
            {
              "title": "deve cadastrar um profissional com sucesso",
              "fullTitle": "Professionals API deve cadastrar um profissional com sucesso",
              "timedOut": false,
              "duration": 77,
              "state": "passed",
              "speed": "slow",
              "pass": true,
              "fail": false,
              "pending": false,
              "context": null,
              "code": "const response = await request(app)\n  .post('/auth/register/professional')\n  .send({\n    name: 'Profissional Teste',\n    email: `profissional${Date.now()}@email.com`,\n    password: '123456',\n    profession: 'enfermeira',\n    serviceAreas: ['Verdun']\n  });\nif (![200, 201].includes(response.status)) {\n  throw new Error(`Erro inesperado: ${response.status} - ${JSON.stringify(response.body)}`);\n}",
              "err": {},
              "uuid": "7b40d208-6ea4-4e1d-b007-ed3a9d51415b",
              "parentUUID": "7ad12812-7ba0-44a1-a997-914524a24f9c",
              "isHook": false,
              "skipped": false
            },
            {
              "title": "não deve aprovar profissional sem autenticação de admin",
              "fullTitle": "Professionals API não deve aprovar profissional sem autenticação de admin",
              "timedOut": false,
              "duration": 3,
              "state": "passed",
              "speed": "fast",
              "pass": true,
              "fail": false,
              "pending": false,
              "context": null,
              "code": "const response = await request(app)\n  .patch('/admin/professionals/1/approve');\nif (![401, 403].includes(response.status)) {\n  throw new Error(`Esperado 401/403, veio: ${response.status} - ${JSON.stringify(response.body)}`);\n}",
              "err": {},
              "uuid": "80bb577c-3c77-4f38-a43c-e2b5b9119eeb",
              "parentUUID": "7ad12812-7ba0-44a1-a997-914524a24f9c",
              "isHook": false,
              "skipped": false
            }
          ],
          "suites": [],
          "passes": [
            "7b40d208-6ea4-4e1d-b007-ed3a9d51415b",
            "80bb577c-3c77-4f38-a43c-e2b5b9119eeb"
          ],
          "failures": [],
          "pending": [],
          "skipped": [],
          "duration": 80,
          "root": false,
          "rootEmpty": false,
          "_timeout": 2000
        }
      ],
      "passes": [],
      "failures": [],
      "pending": [],
      "skipped": [],
      "duration": 0,
      "root": true,
      "rootEmpty": true,
      "_timeout": 2000
    }
  ],
  "meta": {
    "mocha": {
      "version": "11.7.5"
    },
    "mochawesome": {
      "options": {
        "quiet": false,
        "reportFilename": "mochawesome",
        "saveHtml": true,
        "saveJson": true,
        "consoleReporter": "spec",
        "useInlineDiffs": false,
        "code": true
      },
      "version": "7.1.4"
    },
    "marge": {
      "options": null,
      "version": "6.3.2"
    }
  }
}